<?xml version="1.0" encoding="UTF-8"?>
<!-- Generated by org.testng.reporters.JUnitReportReporter -->
<testsuite hostname="DESKTOP-T2BIG1G" failures="0" tests="1" name="projectautomation.VisitAdd" time="11.550" errors="0" timestamp="2024-11-16T12:05:18 IST" skipped="0">
  <testcase classname="projectautomation.VisitAdd" name="visitTestcase" time="11.550"/>
  <system-out/>
</testsuite> <!-- projectautomation.VisitAdd -->
