<?xml version="1.0" encoding="UTF-8"?>
<!-- Generated by org.testng.reporters.JUnitReportReporter -->
<testsuite hostname="DESKTOP-T2BIG1G" failures="0" tests="1" name="projectautomation.AssociateVIsitAdd" time="11.719" errors="0" timestamp="2024-11-23T12:24:12 IST" skipped="0">
  <testcase classname="projectautomation.AssociateVIsitAdd" name="visitTestcase" time="11.719"/>
  <system-out/>
</testsuite> <!-- projectautomation.AssociateVIsitAdd -->
